<?xml version="1.0" encoding="UTF-8"?>
<!-- Generated by org.testng.reporters.JUnitXMLReporter -->
<testsuite ignored="0" hostname="DESKTOP-GTP1059" failures="0" tests="40" name="Default test" time="20.334" errors="0" timestamp="2020-04-05T21:39:27 CDT">
  <testcase classname="org.gemini.com.geminiExchangeFinal" name="geminiNewOrderRestfulService" time="5.098"/>
  <testcase classname="org.gemini.com.geminiExchangeFinal" name="geminiNewOrderRestfulService" time="0.352"/>
  <testcase classname="org.gemini.com.geminiExchangeFinal" name="geminiNewOrderRestfulService" time="0.3"/>
  <testcase classname="org.gemini.com.geminiExchangeFinal" name="geminiNewOrderRestfulService" time="0.285"/>
  <testcase classname="org.gemini.com.geminiExchangeFinal" name="geminiNewOrderRestfulService" time="0.28"/>
  <testcase classname="org.gemini.com.geminiExchangeFinal" name="geminiNewOrderRestfulService" time="0.296"/>
  <testcase classname="org.gemini.com.geminiExchangeFinal" name="geminiNewOrderRestfulService" time="0.325"/>
  <testcase classname="org.gemini.com.geminiExchangeFinal" name="geminiNewOrderRestfulService" time="0.29"/>
  <testcase classname="org.gemini.com.geminiExchangeFinal" name="geminiNewOrderRestfulService" time="0.31"/>
  <testcase classname="org.gemini.com.geminiExchangeFinal" name="geminiNewOrderRestfulService" time="0.444"/>
  <testcase classname="org.gemini.com.geminiExchangeFinal" name="geminiNewOrderRestfulService" time="0.292"/>
  <testcase classname="org.gemini.com.geminiExchangeFinal" name="geminiNewOrderRestfulService" time="0.28"/>
  <testcase classname="org.gemini.com.geminiExchangeFinal" name="geminiNewOrderRestfulService" time="0.298"/>
  <testcase classname="org.gemini.com.geminiExchangeFinal" name="geminiNewOrderRestfulService" time="0.315"/>
  <testcase classname="org.gemini.com.geminiExchangeFinal" name="geminiNewOrderRestfulService" time="0.277"/>
  <testcase classname="org.gemini.com.geminiExchangeFinal" name="geminiNewOrderRestfulService" time="0.296"/>
  <testcase classname="org.gemini.com.geminiExchangeFinal" name="geminiNewOrderRestfulService" time="0.334"/>
  <testcase classname="org.gemini.com.geminiExchangeFinal" name="geminiNewOrderRestfulService" time="0.302"/>
  <testcase classname="org.gemini.com.geminiExchangeFinal" name="geminiNewOrderRestfulService" time="0.311"/>
  <testcase classname="org.gemini.com.geminiExchangeFinal" name="geminiNewOrderRestfulService" time="0.305"/>
  <testcase classname="org.gemini.com.geminiExchangeFinal" name="geminiNewOrderRestfulService" time="0.292"/>
  <testcase classname="org.gemini.com.geminiExchangeFinal" name="geminiNewOrderRestfulService" time="0.295"/>
  <testcase classname="org.gemini.com.geminiExchangeFinal" name="geminiNewOrderRestfulService" time="0.355"/>
  <testcase classname="org.gemini.com.geminiExchangeFinal" name="geminiNewOrderRestfulService" time="0.455"/>
  <testcase classname="org.gemini.com.geminiExchangeFinal" name="geminiNewOrderRestfulService" time="0.281"/>
  <testcase classname="org.gemini.com.geminiExchangeFinal" name="geminiNewOrderRestfulService" time="0.288"/>
  <testcase classname="org.gemini.com.geminiExchangeFinal" name="geminiNewOrderRestfulService" time="0.272"/>
  <testcase classname="org.gemini.com.geminiExchangeFinal" name="geminiNewOrderRestfulService" time="0.264"/>
  <testcase classname="org.gemini.com.geminiExchangeFinal" name="geminiNewOrderRestfulService" time="0.263"/>
  <testcase classname="org.gemini.com.geminiExchangeFinal" name="geminiNewOrderRestfulService" time="0.254"/>
  <testcase classname="org.gemini.com.geminiExchangeFinal" name="geminiNewOrderRestfulService" time="0.266"/>
  <testcase classname="org.gemini.com.geminiExchangeFinal" name="geminiNewOrderRestfulService" time="0.279"/>
  <testcase classname="org.gemini.com.geminiExchangeFinal" name="geminiNewOrderRestfulService" time="0.288"/>
  <testcase classname="org.gemini.com.geminiExchangeFinal" name="geminiNewOrderRestfulService" time="0.332"/>
  <testcase classname="org.gemini.com.geminiExchangeFinal" name="geminiNewOrderRestfulService" time="0.267"/>
  <testcase classname="org.gemini.com.geminiExchangeFinal" name="geminiNewOrderRestfulService" time="0.274"/>
  <testcase classname="org.gemini.com.geminiExchangeFinal" name="geminiNewOrderRestfulService" time="0.303"/>
  <testcase classname="org.gemini.com.geminiExchangeFinal" name="geminiNewOrderRestfulService" time="0.266"/>
  <testcase classname="org.gemini.com.geminiExchangeFinal" name="geminiNewOrderRestfulService" time="0.283"/>
  <testcase classname="org.gemini.com.geminiExchangeFinal" name="writeToExcelFinal" time="3.659"/>
</testsuite> <!-- Default test -->
