<?xml version="1.0" encoding="UTF-8"?>
<!-- Generated by org.testng.reporters.JUnitXMLReporter -->
<testsuite ignored="0" hostname="DESKTOP-GTP1059" failures="0" tests="40" name="Default test" time="22.989" errors="0" timestamp="2020-03-26T19:52:25 CDT">
  <testcase classname="org.gemini.com.geminiExchangeFinal" name="geminiNewOrderRestfulService" time="5.81"/>
  <testcase classname="org.gemini.com.geminiExchangeFinal" name="geminiNewOrderRestfulService" time="0.342"/>
  <testcase classname="org.gemini.com.geminiExchangeFinal" name="geminiNewOrderRestfulService" time="0.322"/>
  <testcase classname="org.gemini.com.geminiExchangeFinal" name="geminiNewOrderRestfulService" time="0.317"/>
  <testcase classname="org.gemini.com.geminiExchangeFinal" name="geminiNewOrderRestfulService" time="0.273"/>
  <testcase classname="org.gemini.com.geminiExchangeFinal" name="geminiNewOrderRestfulService" time="0.274"/>
  <testcase classname="org.gemini.com.geminiExchangeFinal" name="geminiNewOrderRestfulService" time="0.288"/>
  <testcase classname="org.gemini.com.geminiExchangeFinal" name="geminiNewOrderRestfulService" time="0.286"/>
  <testcase classname="org.gemini.com.geminiExchangeFinal" name="geminiNewOrderRestfulService" time="0.281"/>
  <testcase classname="org.gemini.com.geminiExchangeFinal" name="geminiNewOrderRestfulService" time="0.301"/>
  <testcase classname="org.gemini.com.geminiExchangeFinal" name="geminiNewOrderRestfulService" time="0.278"/>
  <testcase classname="org.gemini.com.geminiExchangeFinal" name="geminiNewOrderRestfulService" time="0.271"/>
  <testcase classname="org.gemini.com.geminiExchangeFinal" name="geminiNewOrderRestfulService" time="0.302"/>
  <testcase classname="org.gemini.com.geminiExchangeFinal" name="geminiNewOrderRestfulService" time="0.525"/>
  <testcase classname="org.gemini.com.geminiExchangeFinal" name="geminiNewOrderRestfulService" time="0.295"/>
  <testcase classname="org.gemini.com.geminiExchangeFinal" name="geminiNewOrderRestfulService" time="0.313"/>
  <testcase classname="org.gemini.com.geminiExchangeFinal" name="geminiNewOrderRestfulService" time="0.306"/>
  <testcase classname="org.gemini.com.geminiExchangeFinal" name="geminiNewOrderRestfulService" time="0.277"/>
  <testcase classname="org.gemini.com.geminiExchangeFinal" name="geminiNewOrderRestfulService" time="0.314"/>
  <testcase classname="org.gemini.com.geminiExchangeFinal" name="geminiNewOrderRestfulService" time="0.298"/>
  <testcase classname="org.gemini.com.geminiExchangeFinal" name="geminiNewOrderRestfulService" time="0.299"/>
  <testcase classname="org.gemini.com.geminiExchangeFinal" name="geminiNewOrderRestfulService" time="0.284"/>
  <testcase classname="org.gemini.com.geminiExchangeFinal" name="geminiNewOrderRestfulService" time="0.297"/>
  <testcase classname="org.gemini.com.geminiExchangeFinal" name="geminiNewOrderRestfulService" time="0.277"/>
  <testcase classname="org.gemini.com.geminiExchangeFinal" name="geminiNewOrderRestfulService" time="0.292"/>
  <testcase classname="org.gemini.com.geminiExchangeFinal" name="geminiNewOrderRestfulService" time="0.269"/>
  <testcase classname="org.gemini.com.geminiExchangeFinal" name="geminiNewOrderRestfulService" time="0.321"/>
  <testcase classname="org.gemini.com.geminiExchangeFinal" name="geminiNewOrderRestfulService" time="0.284"/>
  <testcase classname="org.gemini.com.geminiExchangeFinal" name="geminiNewOrderRestfulService" time="0.292"/>
  <testcase classname="org.gemini.com.geminiExchangeFinal" name="geminiNewOrderRestfulService" time="0.373"/>
  <testcase classname="org.gemini.com.geminiExchangeFinal" name="geminiNewOrderRestfulService" time="0.306"/>
  <testcase classname="org.gemini.com.geminiExchangeFinal" name="geminiNewOrderRestfulService" time="0.305"/>
  <testcase classname="org.gemini.com.geminiExchangeFinal" name="geminiNewOrderRestfulService" time="0.305"/>
  <testcase classname="org.gemini.com.geminiExchangeFinal" name="geminiNewOrderRestfulService" time="0.273"/>
  <testcase classname="org.gemini.com.geminiExchangeFinal" name="geminiNewOrderRestfulService" time="0.266"/>
  <testcase classname="org.gemini.com.geminiExchangeFinal" name="geminiNewOrderRestfulService" time="0.368"/>
  <testcase classname="org.gemini.com.geminiExchangeFinal" name="geminiNewOrderRestfulService" time="0.362"/>
  <testcase classname="org.gemini.com.geminiExchangeFinal" name="geminiNewOrderRestfulService" time="0.271"/>
  <testcase classname="org.gemini.com.geminiExchangeFinal" name="geminiNewOrderRestfulService" time="0.341"/>
  <testcase classname="org.gemini.com.geminiExchangeFinal" name="writeToExcelFinal" time="5.369"/>
</testsuite> <!-- Default test -->
