<?xml version="1.0" encoding="UTF-8"?>
<testng-results ignored="0" total="40" passed="40" failed="0" skipped="0">
  <reporter-output>
  </reporter-output>
  <suite started-at="2020-03-26T19:52:02 CDT" name="Default suite" finished-at="2020-03-26T19:52:25 CDT" duration-ms="22989">
    <groups>
    </groups>
    <test started-at="2020-03-26T19:52:02 CDT" name="Default test" finished-at="2020-03-26T19:52:25 CDT" duration-ms="22989">
      <class name="org.gemini.com.geminiExchangeFinal">
        <test-method signature="geminiNewOrderRestfulService(java.lang.String)[pri:1, instance:org.gemini.com.geminiExchangeFinal@159f197]" started-at="2020-03-26T19:52:02 CDT" name="geminiNewOrderRestfulService" data-provider="data-provider" finished-at="2020-03-26T19:52:08 CDT" duration-ms="5810" status="PASS">
          <params>
            <param index="0">
              <value>
                <![CDATA[{"request": "/v1/order/new", "nonce": nonce_unixTime, "symbol": "ltcusd", "amount": "amountParam", "price": "priceParam", "side": "buy", "type": "exchange limit", "options": ["maker-or-cancel"]}]]>
              </value>
            </param>
          </params>
          <reporter-output>
          </reporter-output>
        </test-method> <!-- geminiNewOrderRestfulService -->
        <test-method signature="geminiNewOrderRestfulService(java.lang.String)[pri:1, instance:org.gemini.com.geminiExchangeFinal@159f197]" started-at="2020-03-26T19:52:08 CDT" name="geminiNewOrderRestfulService" data-provider="data-provider" finished-at="2020-03-26T19:52:08 CDT" duration-ms="342" status="PASS">
          <params>
            <param index="0">
              <value>
                <![CDATA[{"request": "/v1/order/new", "nonce": nonce_unixTime, "symbol": "ltceth", "amount": "amountParam", "price": "priceParam", "side": "buy", "type": "exchange limit", "options": ["maker-or-cancel"]}]]>
              </value>
            </param>
          </params>
          <reporter-output>
          </reporter-output>
        </test-method> <!-- geminiNewOrderRestfulService -->
        <test-method signature="geminiNewOrderRestfulService(java.lang.String)[pri:1, instance:org.gemini.com.geminiExchangeFinal@159f197]" started-at="2020-03-26T19:52:08 CDT" name="geminiNewOrderRestfulService" data-provider="data-provider" finished-at="2020-03-26T19:52:08 CDT" duration-ms="322" status="PASS">
          <params>
            <param index="0">
              <value>
                <![CDATA[{"request": "/v1/order/new", "nonce": nonce_unixTime, "symbol": "btcusd", "amount": "amountParam", "price": "priceParam", "side": "buy", "type": "exchange limit", "options": ["maker-or-cancel"]}]]>
              </value>
            </param>
          </params>
          <reporter-output>
          </reporter-output>
        </test-method> <!-- geminiNewOrderRestfulService -->
        <test-method signature="geminiNewOrderRestfulService(java.lang.String)[pri:1, instance:org.gemini.com.geminiExchangeFinal@159f197]" started-at="2020-03-26T19:52:08 CDT" name="geminiNewOrderRestfulService" data-provider="data-provider" finished-at="2020-03-26T19:52:09 CDT" duration-ms="317" status="PASS">
          <params>
            <param index="0">
              <value>
                <![CDATA[{"request": "/v1/order/new", "nonce": nonce_unixTime, "symbol": "ethusd", "amount": "amountParam", "price": "priceParam", "side": "buy", "type": "exchange limit", "options": ["immediate-or-cancel"]}]]>
              </value>
            </param>
          </params>
          <reporter-output>
          </reporter-output>
        </test-method> <!-- geminiNewOrderRestfulService -->
        <test-method signature="geminiNewOrderRestfulService(java.lang.String)[pri:1, instance:org.gemini.com.geminiExchangeFinal@159f197]" started-at="2020-03-26T19:52:09 CDT" name="geminiNewOrderRestfulService" data-provider="data-provider" finished-at="2020-03-26T19:52:09 CDT" duration-ms="273" status="PASS">
          <params>
            <param index="0">
              <value>
                <![CDATA[{"request": "/v1/order/new", "nonce": nonce_unixTime, "symbol": "ethbtc", "amount": "amountParam", "price": "5.0", "side": "buy", "type": "exchange limit", "options": ["fill-or-kill"]}]]>
              </value>
            </param>
          </params>
          <reporter-output>
          </reporter-output>
        </test-method> <!-- geminiNewOrderRestfulService -->
        <test-method signature="geminiNewOrderRestfulService(java.lang.String)[pri:1, instance:org.gemini.com.geminiExchangeFinal@159f197]" started-at="2020-03-26T19:52:09 CDT" name="geminiNewOrderRestfulService" data-provider="data-provider" finished-at="2020-03-26T19:52:09 CDT" duration-ms="274" status="PASS">
          <params>
            <param index="0">
              <value>
                <![CDATA[{"request": "/v1/order/new", "nonce": nonce_unixTime, "symbol": "ethusd", "amount": "amountParam", "price": "priceParam", "side": "buy", "type": "exchange limit", "options": ["maker-or-cancel"]}]]>
              </value>
            </param>
          </params>
          <reporter-output>
          </reporter-output>
        </test-method> <!-- geminiNewOrderRestfulService -->
        <test-method signature="geminiNewOrderRestfulService(java.lang.String)[pri:1, instance:org.gemini.com.geminiExchangeFinal@159f197]" started-at="2020-03-26T19:52:09 CDT" name="geminiNewOrderRestfulService" data-provider="data-provider" finished-at="2020-03-26T19:52:09 CDT" duration-ms="288" status="PASS">
          <params>
            <param index="0">
              <value>
                <![CDATA[{"request": "/v1/order/new", "nonce": nonce_unixTime, "symbol": "ethbtc", "amount": "amountParam", "price": "5.0", "side": "buy", "type": "exchange limit", "options": ["maker-or-cancel"]}]]>
              </value>
            </param>
          </params>
          <reporter-output>
          </reporter-output>
        </test-method> <!-- geminiNewOrderRestfulService -->
        <test-method signature="geminiNewOrderRestfulService(java.lang.String)[pri:1, instance:org.gemini.com.geminiExchangeFinal@159f197]" started-at="2020-03-26T19:52:09 CDT" name="geminiNewOrderRestfulService" data-provider="data-provider" finished-at="2020-03-26T19:52:10 CDT" duration-ms="286" status="PASS">
          <params>
            <param index="0">
              <value>
                <![CDATA[{"request": "/v1/order/new", "nonce": nonce_unixTime, "symbol": "zecusd", "amount": "amountParam", "price": "priceParam", "side": "buy", "type": "exchange limit", "options": ["maker-or-cancel"]}]]>
              </value>
            </param>
          </params>
          <reporter-output>
          </reporter-output>
        </test-method> <!-- geminiNewOrderRestfulService -->
        <test-method signature="geminiNewOrderRestfulService(java.lang.String)[pri:1, instance:org.gemini.com.geminiExchangeFinal@159f197]" started-at="2020-03-26T19:52:10 CDT" name="geminiNewOrderRestfulService" data-provider="data-provider" finished-at="2020-03-26T19:52:10 CDT" duration-ms="281" status="PASS">
          <params>
            <param index="0">
              <value>
                <![CDATA[{"request": "/v1/order/new", "nonce": nonce_unixTime, "symbol": "zecbtc", "amount": "amountParam", "price": "priceParam", "side": "buy", "type": "exchange limit", "options": ["maker-or-cancel"]}]]>
              </value>
            </param>
          </params>
          <reporter-output>
          </reporter-output>
        </test-method> <!-- geminiNewOrderRestfulService -->
        <test-method signature="geminiNewOrderRestfulService(java.lang.String)[pri:1, instance:org.gemini.com.geminiExchangeFinal@159f197]" started-at="2020-03-26T19:52:10 CDT" name="geminiNewOrderRestfulService" data-provider="data-provider" finished-at="2020-03-26T19:52:10 CDT" duration-ms="301" status="PASS">
          <params>
            <param index="0">
              <value>
                <![CDATA[{"request": "/v1/order/new", "nonce": nonce_unixTime, "symbol": "zeceth", "amount": "amountParam", "price": "priceParam", "side": "buy", "type": "exchange limit", "options": ["maker-or-cancel"]}]]>
              </value>
            </param>
          </params>
          <reporter-output>
          </reporter-output>
        </test-method> <!-- geminiNewOrderRestfulService -->
        <test-method signature="geminiNewOrderRestfulService(java.lang.String)[pri:1, instance:org.gemini.com.geminiExchangeFinal@159f197]" started-at="2020-03-26T19:52:10 CDT" name="geminiNewOrderRestfulService" data-provider="data-provider" finished-at="2020-03-26T19:52:11 CDT" duration-ms="278" status="PASS">
          <params>
            <param index="0">
              <value>
                <![CDATA[{"request": "/v1/order/new", "nonce": nonce_unixTime, "symbol": "zecltc", "amount": "amountParam", "price": "priceParam", "side": "buy", "type": "exchange limit", "options": ["maker-or-cancel"]}]]>
              </value>
            </param>
          </params>
          <reporter-output>
          </reporter-output>
        </test-method> <!-- geminiNewOrderRestfulService -->
        <test-method signature="geminiNewOrderRestfulService(java.lang.String)[pri:1, instance:org.gemini.com.geminiExchangeFinal@159f197]" started-at="2020-03-26T19:52:11 CDT" name="geminiNewOrderRestfulService" data-provider="data-provider" finished-at="2020-03-26T19:52:11 CDT" duration-ms="271" status="PASS">
          <params>
            <param index="0">
              <value>
                <![CDATA[{"request": "/v1/order/new", "nonce": nonce_unixTime, "symbol": "bchusd", "amount": "amountParam", "price": "priceParam", "side": "buy", "type": "exchange limit", "options": ["maker-or-cancel"]}]]>
              </value>
            </param>
          </params>
          <reporter-output>
          </reporter-output>
        </test-method> <!-- geminiNewOrderRestfulService -->
        <test-method signature="geminiNewOrderRestfulService(java.lang.String)[pri:1, instance:org.gemini.com.geminiExchangeFinal@159f197]" started-at="2020-03-26T19:52:11 CDT" name="geminiNewOrderRestfulService" data-provider="data-provider" finished-at="2020-03-26T19:52:11 CDT" duration-ms="302" status="PASS">
          <params>
            <param index="0">
              <value>
                <![CDATA[{"request": "/v1/order/new", "nonce": nonce_unixTime, "symbol": "bcheth", "amount": "amountParam", "price": "priceParam", "side": "buy", "type": "exchange limit", "options": ["maker-or-cancel"]}]]>
              </value>
            </param>
          </params>
          <reporter-output>
          </reporter-output>
        </test-method> <!-- geminiNewOrderRestfulService -->
        <test-method signature="geminiNewOrderRestfulService(java.lang.String)[pri:1, instance:org.gemini.com.geminiExchangeFinal@159f197]" started-at="2020-03-26T19:52:11 CDT" name="geminiNewOrderRestfulService" data-provider="data-provider" finished-at="2020-03-26T19:52:12 CDT" duration-ms="525" status="PASS">
          <params>
            <param index="0">
              <value>
                <![CDATA[{"request": "/v1/order/new", "nonce": nonce_unixTime, "symbol": "ltcusd", "amount": "amountParam", "price": "priceParam", "side": "buy", "type": "exchange limit", "options": ["maker-or-cancel"]}]]>
              </value>
            </param>
          </params>
          <reporter-output>
          </reporter-output>
        </test-method> <!-- geminiNewOrderRestfulService -->
        <test-method signature="geminiNewOrderRestfulService(java.lang.String)[pri:1, instance:org.gemini.com.geminiExchangeFinal@159f197]" started-at="2020-03-26T19:52:12 CDT" name="geminiNewOrderRestfulService" data-provider="data-provider" finished-at="2020-03-26T19:52:12 CDT" duration-ms="295" status="PASS">
          <params>
            <param index="0">
              <value>
                <![CDATA[{"request": "/v1/order/new", "nonce": nonce_unixTime, "symbol": "ltceth", "amount": "amountParam", "price": "priceParam", "side": "buy", "type": "exchange limit", "options": ["maker-or-cancel"]}]]>
              </value>
            </param>
          </params>
          <reporter-output>
          </reporter-output>
        </test-method> <!-- geminiNewOrderRestfulService -->
        <test-method signature="geminiNewOrderRestfulService(java.lang.String)[pri:1, instance:org.gemini.com.geminiExchangeFinal@159f197]" started-at="2020-03-26T19:52:12 CDT" name="geminiNewOrderRestfulService" data-provider="data-provider" finished-at="2020-03-26T19:52:12 CDT" duration-ms="313" status="PASS">
          <params>
            <param index="0">
              <value>
                <![CDATA[{"request": "/v1/order/new", "nonce": nonce_unixTime, "symbol": "btcusd", "amount": "amountParam", "price": "priceParam", "side": "buy", "type": "exchange limit", "options": ["maker-or-cancel"]}]]>
              </value>
            </param>
          </params>
          <reporter-output>
          </reporter-output>
        </test-method> <!-- geminiNewOrderRestfulService -->
        <test-method signature="geminiNewOrderRestfulService(java.lang.String)[pri:1, instance:org.gemini.com.geminiExchangeFinal@159f197]" started-at="2020-03-26T19:52:12 CDT" name="geminiNewOrderRestfulService" data-provider="data-provider" finished-at="2020-03-26T19:52:13 CDT" duration-ms="306" status="PASS">
          <params>
            <param index="0">
              <value>
                <![CDATA[{"request": "/v1/order/new", "nonce": nonce_unixTime, "symbol": "ethusd", "amount": "amountParam", "price": "priceParam", "side": "sell", "type": "exchange limit", "options": ["maker-or-cancel"]}]]>
              </value>
            </param>
          </params>
          <reporter-output>
          </reporter-output>
        </test-method> <!-- geminiNewOrderRestfulService -->
        <test-method signature="geminiNewOrderRestfulService(java.lang.String)[pri:1, instance:org.gemini.com.geminiExchangeFinal@159f197]" started-at="2020-03-26T19:52:13 CDT" name="geminiNewOrderRestfulService" data-provider="data-provider" finished-at="2020-03-26T19:52:13 CDT" duration-ms="277" status="PASS">
          <params>
            <param index="0">
              <value>
                <![CDATA[{"request": "/v1/order/new", "nonce": nonce_unixTime, "symbol": "ethbtc", "amount": "amountParam", "price": "5.0", "side": "buy", "type": "exchange limit", "options": ["maker-or-cancel"]}]]>
              </value>
            </param>
          </params>
          <reporter-output>
          </reporter-output>
        </test-method> <!-- geminiNewOrderRestfulService -->
        <test-method signature="geminiNewOrderRestfulService(java.lang.String)[pri:1, instance:org.gemini.com.geminiExchangeFinal@159f197]" started-at="2020-03-26T19:52:13 CDT" name="geminiNewOrderRestfulService" data-provider="data-provider" finished-at="2020-03-26T19:52:13 CDT" duration-ms="314" status="PASS">
          <params>
            <param index="0">
              <value>
                <![CDATA[{"request": "/v1/order/new", "nonce": nonce_unixTime, "symbol": "zecusd", "amount": "amountParam", "price": "priceParam", "side": "sell", "type": "exchange limit", "options": ["maker-or-cancel"]}]]>
              </value>
            </param>
          </params>
          <reporter-output>
          </reporter-output>
        </test-method> <!-- geminiNewOrderRestfulService -->
        <test-method signature="geminiNewOrderRestfulService(java.lang.String)[pri:1, instance:org.gemini.com.geminiExchangeFinal@159f197]" started-at="2020-03-26T19:52:13 CDT" name="geminiNewOrderRestfulService" data-provider="data-provider" finished-at="2020-03-26T19:52:14 CDT" duration-ms="298" status="PASS">
          <params>
            <param index="0">
              <value>
                <![CDATA[{"request": "/v1/order/new", "nonce": nonce_unixTime, "symbol": "zecbtc", "amount": "amountParam", "price": "priceParam", "side": "sell", "type": "exchange limit", "options": ["maker-or-cancel"]}]]>
              </value>
            </param>
          </params>
          <reporter-output>
          </reporter-output>
        </test-method> <!-- geminiNewOrderRestfulService -->
        <test-method signature="geminiNewOrderRestfulService(java.lang.String)[pri:1, instance:org.gemini.com.geminiExchangeFinal@159f197]" started-at="2020-03-26T19:52:14 CDT" name="geminiNewOrderRestfulService" data-provider="data-provider" finished-at="2020-03-26T19:52:14 CDT" duration-ms="299" status="PASS">
          <params>
            <param index="0">
              <value>
                <![CDATA[{"request": "/v1/order/new", "nonce": nonce_unixTime, "symbol": "zeceth", "amount": "amountParam", "price": "priceParam", "side": "sell", "type": "exchange limit", "options": ["maker-or-cancel"]}]]>
              </value>
            </param>
          </params>
          <reporter-output>
          </reporter-output>
        </test-method> <!-- geminiNewOrderRestfulService -->
        <test-method signature="geminiNewOrderRestfulService(java.lang.String)[pri:1, instance:org.gemini.com.geminiExchangeFinal@159f197]" started-at="2020-03-26T19:52:14 CDT" name="geminiNewOrderRestfulService" data-provider="data-provider" finished-at="2020-03-26T19:52:14 CDT" duration-ms="284" status="PASS">
          <params>
            <param index="0">
              <value>
                <![CDATA[{"request": "/v1/order/new", "nonce": nonce_unixTime, "symbol": "zecltc", "amount": "amountParam", "price": "priceParam", "side": "sell", "type": "exchange limit", "options": ["maker-or-cancel"]}]]>
              </value>
            </param>
          </params>
          <reporter-output>
          </reporter-output>
        </test-method> <!-- geminiNewOrderRestfulService -->
        <test-method signature="geminiNewOrderRestfulService(java.lang.String)[pri:1, instance:org.gemini.com.geminiExchangeFinal@159f197]" started-at="2020-03-26T19:52:14 CDT" name="geminiNewOrderRestfulService" data-provider="data-provider" finished-at="2020-03-26T19:52:14 CDT" duration-ms="297" status="PASS">
          <params>
            <param index="0">
              <value>
                <![CDATA[{"request": "/v1/order/new", "nonce": nonce_unixTime, "symbol": "bchusd", "amount": "amountParam", "price": "priceParam", "side": "sell", "type": "exchange limit", "options": ["maker-or-cancel"]}]]>
              </value>
            </param>
          </params>
          <reporter-output>
          </reporter-output>
        </test-method> <!-- geminiNewOrderRestfulService -->
        <test-method signature="geminiNewOrderRestfulService(java.lang.String)[pri:1, instance:org.gemini.com.geminiExchangeFinal@159f197]" started-at="2020-03-26T19:52:14 CDT" name="geminiNewOrderRestfulService" data-provider="data-provider" finished-at="2020-03-26T19:52:15 CDT" duration-ms="277" status="PASS">
          <params>
            <param index="0">
              <value>
                <![CDATA[{"request": "/v1/order/new", "nonce": nonce_unixTime, "symbol": "bcheth", "amount": "amountParam", "price": "priceParam", "side": "sell", "type": "exchange limit", "options": ["maker-or-cancel"]}]]>
              </value>
            </param>
          </params>
          <reporter-output>
          </reporter-output>
        </test-method> <!-- geminiNewOrderRestfulService -->
        <test-method signature="geminiNewOrderRestfulService(java.lang.String)[pri:1, instance:org.gemini.com.geminiExchangeFinal@159f197]" started-at="2020-03-26T19:52:15 CDT" name="geminiNewOrderRestfulService" data-provider="data-provider" finished-at="2020-03-26T19:52:15 CDT" duration-ms="292" status="PASS">
          <params>
            <param index="0">
              <value>
                <![CDATA[{"request": "/v1/order/new", "nonce": nonce_unixTime, "symbol": "btcusd", "amount": "amountParam", "price": "23.83190155", "side": "buy", "type": "exchange limit", "options": ["maker-or-cancel"]}]]>
              </value>
            </param>
          </params>
          <reporter-output>
          </reporter-output>
        </test-method> <!-- geminiNewOrderRestfulService -->
        <test-method signature="geminiNewOrderRestfulService(java.lang.String)[pri:1, instance:org.gemini.com.geminiExchangeFinal@159f197]" started-at="2020-03-26T19:52:15 CDT" name="geminiNewOrderRestfulService" data-provider="data-provider" finished-at="2020-03-26T19:52:15 CDT" duration-ms="269" status="PASS">
          <params>
            <param index="0">
              <value>
                <![CDATA[{"request": "/v1/order/new", "nonce": nonce_unixTime, "symbol": "bcheth", "amount": "5.467567890", "price": "priceParam", "side": "buy", "type": "exchange limit", "options": ["maker-or-cancel"]}]]>
              </value>
            </param>
          </params>
          <reporter-output>
          </reporter-output>
        </test-method> <!-- geminiNewOrderRestfulService -->
        <test-method signature="geminiNewOrderRestfulService(java.lang.String)[pri:1, instance:org.gemini.com.geminiExchangeFinal@159f197]" started-at="2020-03-26T19:52:15 CDT" name="geminiNewOrderRestfulService" data-provider="data-provider" finished-at="2020-03-26T19:52:16 CDT" duration-ms="321" status="PASS">
          <params>
            <param index="0">
              <value>
                <![CDATA[{"request": "/v1/order/new", "nonce": nonce_unixTime, "symbol": "bcheth", "amount": "amountParam", "price": "priceParam", "side": "buy1", "type": "exchange limit", "options": ["maker-or-cancel"]}]]>
              </value>
            </param>
          </params>
          <reporter-output>
          </reporter-output>
        </test-method> <!-- geminiNewOrderRestfulService -->
        <test-method signature="geminiNewOrderRestfulService(java.lang.String)[pri:1, instance:org.gemini.com.geminiExchangeFinal@159f197]" started-at="2020-03-26T19:52:16 CDT" name="geminiNewOrderRestfulService" data-provider="data-provider" finished-at="2020-03-26T19:52:16 CDT" duration-ms="284" status="PASS">
          <params>
            <param index="0">
              <value>
                <![CDATA[{"request": "/v1/order/new", "nonce": nonce_unixTime, "symbol": "bchusd", "amount": "amountParam", "price": "priceParam", "side": "buy", "type": "exchange stop limit", "options": ["maker-or-cancel"]}]]>
              </value>
            </param>
          </params>
          <reporter-output>
          </reporter-output>
        </test-method> <!-- geminiNewOrderRestfulService -->
        <test-method signature="geminiNewOrderRestfulService(java.lang.String)[pri:1, instance:org.gemini.com.geminiExchangeFinal@159f197]" started-at="2020-03-26T19:52:16 CDT" name="geminiNewOrderRestfulService" data-provider="data-provider" finished-at="2020-03-26T19:52:16 CDT" duration-ms="292" status="PASS">
          <params>
            <param index="0">
              <value>
                <![CDATA[{"request": "/v1/order/new", "nonce": nonce_unixTime, "symbol": "bchusd", "amount": "amountParam", "price": "priceParam", "side": "buy", "type": "exchange limit1", "options": ["maker-or-cancel"]}]]>
              </value>
            </param>
          </params>
          <reporter-output>
          </reporter-output>
        </test-method> <!-- geminiNewOrderRestfulService -->
        <test-method signature="geminiNewOrderRestfulService(java.lang.String)[pri:1, instance:org.gemini.com.geminiExchangeFinal@159f197]" started-at="2020-03-26T19:52:16 CDT" name="geminiNewOrderRestfulService" data-provider="data-provider" finished-at="2020-03-26T19:52:17 CDT" duration-ms="373" status="PASS">
          <params>
            <param index="0">
              <value>
                <![CDATA[{"request": "/v1/order/new", "nonce": nonce_unixTime, "symbol": "btcusd1", "amount": "amountParam", "price": "priceParam", "side": "buy", "type": "exchange limit", "options": ["maker-or-cancel"]}]]>
              </value>
            </param>
          </params>
          <reporter-output>
          </reporter-output>
        </test-method> <!-- geminiNewOrderRestfulService -->
        <test-method signature="geminiNewOrderRestfulService(java.lang.String)[pri:1, instance:org.gemini.com.geminiExchangeFinal@159f197]" started-at="2020-03-26T19:52:17 CDT" name="geminiNewOrderRestfulService" data-provider="data-provider" finished-at="2020-03-26T19:52:17 CDT" duration-ms="306" status="PASS">
          <params>
            <param index="0">
              <value>
                <![CDATA[{"request": "/v1/order/new", "nonce": nonce_unixTime, "symbol": "zecbch", "amount": "amountParam", "price": "priceParam", "side": "buy", "type": "exchange limit", "options": ["maker-or-cancel"]}]]>
              </value>
            </param>
          </params>
          <reporter-output>
          </reporter-output>
        </test-method> <!-- geminiNewOrderRestfulService -->
        <test-method signature="geminiNewOrderRestfulService(java.lang.String)[pri:1, instance:org.gemini.com.geminiExchangeFinal@159f197]" started-at="2020-03-26T19:52:17 CDT" name="geminiNewOrderRestfulService" data-provider="data-provider" finished-at="2020-03-26T19:52:17 CDT" duration-ms="305" status="PASS">
          <params>
            <param index="0">
              <value>
                <![CDATA[{"request": "/v1/order/new", "nonce": nonce_unixTime, "symbol": "ltcbch", "amount": "amountParam", "price": "priceParam", "side": "buy", "type": "exchange limit", "options": ["maker-or-cancel"]}]]>
              </value>
            </param>
          </params>
          <reporter-output>
          </reporter-output>
        </test-method> <!-- geminiNewOrderRestfulService -->
        <test-method signature="geminiNewOrderRestfulService(java.lang.String)[pri:1, instance:org.gemini.com.geminiExchangeFinal@159f197]" started-at="2020-03-26T19:52:17 CDT" name="geminiNewOrderRestfulService" data-provider="data-provider" finished-at="2020-03-26T19:52:17 CDT" duration-ms="305" status="PASS">
          <params>
            <param index="0">
              <value>
                <![CDATA[{"request": "/v1/order/new", "nonce": nonce_unixTime, "symbol": "zecusd", "amount": "amountParam", "price": "priceParam", "side": "buy", "type": "exchange limit", "options": ["auction-only"]}]]>
              </value>
            </param>
          </params>
          <reporter-output>
          </reporter-output>
        </test-method> <!-- geminiNewOrderRestfulService -->
        <test-method signature="geminiNewOrderRestfulService(java.lang.String)[pri:1, instance:org.gemini.com.geminiExchangeFinal@159f197]" started-at="2020-03-26T19:52:17 CDT" name="geminiNewOrderRestfulService" data-provider="data-provider" finished-at="2020-03-26T19:52:18 CDT" duration-ms="273" status="PASS">
          <params>
            <param index="0">
              <value>
                <![CDATA[{"request": "/v1/order/new", "nonce": nonce_unixTime, "symbol": "zecbtc", "amount": "amountParam", "price": "priceParam", "side": "buy", "type": "exchange limit", "options": ["indication-of-interest"]}]]>
              </value>
            </param>
          </params>
          <reporter-output>
          </reporter-output>
        </test-method> <!-- geminiNewOrderRestfulService -->
        <test-method signature="geminiNewOrderRestfulService(java.lang.String)[pri:1, instance:org.gemini.com.geminiExchangeFinal@159f197]" started-at="2020-03-26T19:52:18 CDT" name="geminiNewOrderRestfulService" data-provider="data-provider" finished-at="2020-03-26T19:52:18 CDT" duration-ms="266" status="PASS">
          <params>
            <param index="0">
              <value>
                <![CDATA[{"request": "/v1/order/new", "nonce": nonce_unixTime, "symbol": "ethusd", "amount": "amountParam", "price": "priceParam", "side": "buy", "type": "exchange limit", "options": ["maker-or-cancel1"]}]]>
              </value>
            </param>
          </params>
          <reporter-output>
          </reporter-output>
        </test-method> <!-- geminiNewOrderRestfulService -->
        <test-method signature="geminiNewOrderRestfulService(java.lang.String)[pri:1, instance:org.gemini.com.geminiExchangeFinal@159f197]" started-at="2020-03-26T19:52:18 CDT" name="geminiNewOrderRestfulService" data-provider="data-provider" finished-at="2020-03-26T19:52:18 CDT" duration-ms="368" status="PASS">
          <params>
            <param index="0">
              <value>
                <![CDATA[{"request": "/v1/order/new", "nonce": nonce_unixTime, "client_order_id": "orderClientSuppliedId", "symbol": "ltcusd", "amount": "amountParam", "price": "priceParam", "side": "BUY", "type": "exchange limit", "options": ["maker-or-cancel"]}]]>
              </value>
            </param>
          </params>
          <reporter-output>
          </reporter-output>
        </test-method> <!-- geminiNewOrderRestfulService -->
        <test-method signature="geminiNewOrderRestfulService(java.lang.String)[pri:1, instance:org.gemini.com.geminiExchangeFinal@159f197]" started-at="2020-03-26T19:52:18 CDT" name="geminiNewOrderRestfulService" data-provider="data-provider" finished-at="2020-03-26T19:52:19 CDT" duration-ms="362" status="PASS">
          <params>
            <param index="0">
              <value>
                <![CDATA[{"request": "/v1/order/ne", "nonce": nonce_unixTime, "client_order_id": "orderClientSuppliedId", "symbol": "ltcusd", "amount": "amountParam", "price": "priceParam", "side": "BUY", "type": "exchange limit", "options": ["maker-or-cancel"]}]]>
              </value>
            </param>
          </params>
          <reporter-output>
          </reporter-output>
        </test-method> <!-- geminiNewOrderRestfulService -->
        <test-method signature="geminiNewOrderRestfulService(java.lang.String)[pri:1, instance:org.gemini.com.geminiExchangeFinal@159f197]" started-at="2020-03-26T19:52:19 CDT" name="geminiNewOrderRestfulService" data-provider="data-provider" finished-at="2020-03-26T19:52:19 CDT" duration-ms="271" status="PASS">
          <params>
            <param index="0">
              <value>
                <![CDATA[{"request": "/v1/order/new", "nonc": nonce_unixTime, "client_order_id": "orderClientSuppliedId", "symbol": "ltcusd", "amount": "amountParam", "price": "priceParam", "side": "BUY", "type": "exchange limit", "options": ["maker-or-cancel"]}]]>
              </value>
            </param>
          </params>
          <reporter-output>
          </reporter-output>
        </test-method> <!-- geminiNewOrderRestfulService -->
        <test-method signature="geminiNewOrderRestfulService(java.lang.String)[pri:1, instance:org.gemini.com.geminiExchangeFinal@159f197]" started-at="2020-03-26T19:52:19 CDT" name="geminiNewOrderRestfulService" data-provider="data-provider" finished-at="2020-03-26T19:52:19 CDT" duration-ms="341" status="PASS">
          <params>
            <param index="0">
              <value>
                <![CDATA[{"request": "/v1/order/new", "nonce": nonce_unixTime, "client_order_id": 3456789, "symbol": "ltcusd", "amount": "amountParam", "price": "priceParam", "side": "BUY", "type": "exchange limit", "options": ["maker-or-cancel"]}]]>
              </value>
            </param>
          </params>
          <reporter-output>
          </reporter-output>
        </test-method> <!-- geminiNewOrderRestfulService -->
        <test-method signature="writeToExcelFinal()[pri:2, instance:org.gemini.com.geminiExchangeFinal@159f197]" started-at="2020-03-26T19:52:19 CDT" name="writeToExcelFinal" finished-at="2020-03-26T19:52:25 CDT" duration-ms="5369" status="PASS">
          <reporter-output>
          </reporter-output>
        </test-method> <!-- writeToExcelFinal -->
      </class> <!-- org.gemini.com.geminiExchangeFinal -->
    </test> <!-- Default test -->
  </suite> <!-- Default suite -->
</testng-results>
