<?xml version="1.0" encoding="UTF-8"?>
<testng-results ignored="0" total="40" passed="40" failed="0" skipped="0">
  <reporter-output>
  </reporter-output>
  <suite started-at="2020-04-05T21:39:07 CDT" name="Default suite" finished-at="2020-04-05T21:39:27 CDT" duration-ms="20334">
    <groups>
    </groups>
    <test started-at="2020-04-05T21:39:07 CDT" name="Default test" finished-at="2020-04-05T21:39:27 CDT" duration-ms="20334">
      <class name="org.gemini.com.geminiExchangeFinal">
        <test-method signature="geminiNewOrderRestfulService(java.lang.String)[pri:1, instance:org.gemini.com.geminiExchangeFinal@159f197]" started-at="2020-04-05T21:39:07 CDT" name="geminiNewOrderRestfulService" data-provider="data-provider" finished-at="2020-04-05T21:39:12 CDT" duration-ms="5098" status="PASS">
          <params>
            <param index="0">
              <value>
                <![CDATA[{"request": "/v1/order/new", "nonce": nonce_unixTime, "symbol": "ltcusd", "amount": "amountParam", "price": "priceParam", "side": "buy", "type": "exchange limit", "options": ["maker-or-cancel"]}]]>
              </value>
            </param>
          </params>
          <reporter-output>
          </reporter-output>
        </test-method> <!-- geminiNewOrderRestfulService -->
        <test-method signature="geminiNewOrderRestfulService(java.lang.String)[pri:1, instance:org.gemini.com.geminiExchangeFinal@159f197]" started-at="2020-04-05T21:39:12 CDT" name="geminiNewOrderRestfulService" data-provider="data-provider" finished-at="2020-04-05T21:39:12 CDT" duration-ms="352" status="PASS">
          <params>
            <param index="0">
              <value>
                <![CDATA[{"request": "/v1/order/new", "nonce": nonce_unixTime, "symbol": "ltceth", "amount": "amountParam", "price": "priceParam", "side": "buy", "type": "exchange limit", "options": ["maker-or-cancel"]}]]>
              </value>
            </param>
          </params>
          <reporter-output>
          </reporter-output>
        </test-method> <!-- geminiNewOrderRestfulService -->
        <test-method signature="geminiNewOrderRestfulService(java.lang.String)[pri:1, instance:org.gemini.com.geminiExchangeFinal@159f197]" started-at="2020-04-05T21:39:12 CDT" name="geminiNewOrderRestfulService" data-provider="data-provider" finished-at="2020-04-05T21:39:13 CDT" duration-ms="300" status="PASS">
          <params>
            <param index="0">
              <value>
                <![CDATA[{"request": "/v1/order/new", "nonce": nonce_unixTime, "symbol": "btcusd", "amount": "amountParam", "price": "priceParam", "side": "buy", "type": "exchange limit", "options": ["maker-or-cancel"]}]]>
              </value>
            </param>
          </params>
          <reporter-output>
          </reporter-output>
        </test-method> <!-- geminiNewOrderRestfulService -->
        <test-method signature="geminiNewOrderRestfulService(java.lang.String)[pri:1, instance:org.gemini.com.geminiExchangeFinal@159f197]" started-at="2020-04-05T21:39:13 CDT" name="geminiNewOrderRestfulService" data-provider="data-provider" finished-at="2020-04-05T21:39:13 CDT" duration-ms="285" status="PASS">
          <params>
            <param index="0">
              <value>
                <![CDATA[{"request": "/v1/order/new", "nonce": nonce_unixTime, "symbol": "ethusd", "amount": "amountParam", "price": "priceParam", "side": "buy", "type": "exchange limit", "options": ["immediate-or-cancel"]}]]>
              </value>
            </param>
          </params>
          <reporter-output>
          </reporter-output>
        </test-method> <!-- geminiNewOrderRestfulService -->
        <test-method signature="geminiNewOrderRestfulService(java.lang.String)[pri:1, instance:org.gemini.com.geminiExchangeFinal@159f197]" started-at="2020-04-05T21:39:13 CDT" name="geminiNewOrderRestfulService" data-provider="data-provider" finished-at="2020-04-05T21:39:13 CDT" duration-ms="280" status="PASS">
          <params>
            <param index="0">
              <value>
                <![CDATA[{"request": "/v1/order/new", "nonce": nonce_unixTime, "symbol": "ethbtc", "amount": "amountParam", "price": "5.0", "side": "buy", "type": "exchange limit", "options": ["fill-or-kill"]}]]>
              </value>
            </param>
          </params>
          <reporter-output>
          </reporter-output>
        </test-method> <!-- geminiNewOrderRestfulService -->
        <test-method signature="geminiNewOrderRestfulService(java.lang.String)[pri:1, instance:org.gemini.com.geminiExchangeFinal@159f197]" started-at="2020-04-05T21:39:13 CDT" name="geminiNewOrderRestfulService" data-provider="data-provider" finished-at="2020-04-05T21:39:13 CDT" duration-ms="296" status="PASS">
          <params>
            <param index="0">
              <value>
                <![CDATA[{"request": "/v1/order/new", "nonce": nonce_unixTime, "symbol": "ethusd", "amount": "amountParam", "price": "priceParam", "side": "buy", "type": "exchange limit", "options": ["maker-or-cancel"]}]]>
              </value>
            </param>
          </params>
          <reporter-output>
          </reporter-output>
        </test-method> <!-- geminiNewOrderRestfulService -->
        <test-method signature="geminiNewOrderRestfulService(java.lang.String)[pri:1, instance:org.gemini.com.geminiExchangeFinal@159f197]" started-at="2020-04-05T21:39:13 CDT" name="geminiNewOrderRestfulService" data-provider="data-provider" finished-at="2020-04-05T21:39:14 CDT" duration-ms="325" status="PASS">
          <params>
            <param index="0">
              <value>
                <![CDATA[{"request": "/v1/order/new", "nonce": nonce_unixTime, "symbol": "ethbtc", "amount": "amountParam", "price": "5.0", "side": "buy", "type": "exchange limit", "options": ["maker-or-cancel"]}]]>
              </value>
            </param>
          </params>
          <reporter-output>
          </reporter-output>
        </test-method> <!-- geminiNewOrderRestfulService -->
        <test-method signature="geminiNewOrderRestfulService(java.lang.String)[pri:1, instance:org.gemini.com.geminiExchangeFinal@159f197]" started-at="2020-04-05T21:39:14 CDT" name="geminiNewOrderRestfulService" data-provider="data-provider" finished-at="2020-04-05T21:39:14 CDT" duration-ms="290" status="PASS">
          <params>
            <param index="0">
              <value>
                <![CDATA[{"request": "/v1/order/new", "nonce": nonce_unixTime, "symbol": "zecusd", "amount": "amountParam", "price": "priceParam", "side": "buy", "type": "exchange limit", "options": ["maker-or-cancel"]}]]>
              </value>
            </param>
          </params>
          <reporter-output>
          </reporter-output>
        </test-method> <!-- geminiNewOrderRestfulService -->
        <test-method signature="geminiNewOrderRestfulService(java.lang.String)[pri:1, instance:org.gemini.com.geminiExchangeFinal@159f197]" started-at="2020-04-05T21:39:14 CDT" name="geminiNewOrderRestfulService" data-provider="data-provider" finished-at="2020-04-05T21:39:14 CDT" duration-ms="310" status="PASS">
          <params>
            <param index="0">
              <value>
                <![CDATA[{"request": "/v1/order/new", "nonce": nonce_unixTime, "symbol": "zecbtc", "amount": "amountParam", "price": "priceParam", "side": "buy", "type": "exchange limit", "options": ["maker-or-cancel"]}]]>
              </value>
            </param>
          </params>
          <reporter-output>
          </reporter-output>
        </test-method> <!-- geminiNewOrderRestfulService -->
        <test-method signature="geminiNewOrderRestfulService(java.lang.String)[pri:1, instance:org.gemini.com.geminiExchangeFinal@159f197]" started-at="2020-04-05T21:39:14 CDT" name="geminiNewOrderRestfulService" data-provider="data-provider" finished-at="2020-04-05T21:39:15 CDT" duration-ms="444" status="PASS">
          <params>
            <param index="0">
              <value>
                <![CDATA[{"request": "/v1/order/new", "nonce": nonce_unixTime, "symbol": "zeceth", "amount": "amountParam", "price": "priceParam", "side": "buy", "type": "exchange limit", "options": ["maker-or-cancel"]}]]>
              </value>
            </param>
          </params>
          <reporter-output>
          </reporter-output>
        </test-method> <!-- geminiNewOrderRestfulService -->
        <test-method signature="geminiNewOrderRestfulService(java.lang.String)[pri:1, instance:org.gemini.com.geminiExchangeFinal@159f197]" started-at="2020-04-05T21:39:15 CDT" name="geminiNewOrderRestfulService" data-provider="data-provider" finished-at="2020-04-05T21:39:15 CDT" duration-ms="292" status="PASS">
          <params>
            <param index="0">
              <value>
                <![CDATA[{"request": "/v1/order/new", "nonce": nonce_unixTime, "symbol": "zecltc", "amount": "amountParam", "price": "priceParam", "side": "buy", "type": "exchange limit", "options": ["maker-or-cancel"]}]]>
              </value>
            </param>
          </params>
          <reporter-output>
          </reporter-output>
        </test-method> <!-- geminiNewOrderRestfulService -->
        <test-method signature="geminiNewOrderRestfulService(java.lang.String)[pri:1, instance:org.gemini.com.geminiExchangeFinal@159f197]" started-at="2020-04-05T21:39:15 CDT" name="geminiNewOrderRestfulService" data-provider="data-provider" finished-at="2020-04-05T21:39:15 CDT" duration-ms="280" status="PASS">
          <params>
            <param index="0">
              <value>
                <![CDATA[{"request": "/v1/order/new", "nonce": nonce_unixTime, "symbol": "bchusd", "amount": "amountParam", "price": "priceParam", "side": "buy", "type": "exchange limit", "options": ["maker-or-cancel"]}]]>
              </value>
            </param>
          </params>
          <reporter-output>
          </reporter-output>
        </test-method> <!-- geminiNewOrderRestfulService -->
        <test-method signature="geminiNewOrderRestfulService(java.lang.String)[pri:1, instance:org.gemini.com.geminiExchangeFinal@159f197]" started-at="2020-04-05T21:39:15 CDT" name="geminiNewOrderRestfulService" data-provider="data-provider" finished-at="2020-04-05T21:39:16 CDT" duration-ms="298" status="PASS">
          <params>
            <param index="0">
              <value>
                <![CDATA[{"request": "/v1/order/new", "nonce": nonce_unixTime, "symbol": "bcheth", "amount": "amountParam", "price": "priceParam", "side": "buy", "type": "exchange limit", "options": ["maker-or-cancel"]}]]>
              </value>
            </param>
          </params>
          <reporter-output>
          </reporter-output>
        </test-method> <!-- geminiNewOrderRestfulService -->
        <test-method signature="geminiNewOrderRestfulService(java.lang.String)[pri:1, instance:org.gemini.com.geminiExchangeFinal@159f197]" started-at="2020-04-05T21:39:16 CDT" name="geminiNewOrderRestfulService" data-provider="data-provider" finished-at="2020-04-05T21:39:16 CDT" duration-ms="315" status="PASS">
          <params>
            <param index="0">
              <value>
                <![CDATA[{"request": "/v1/order/new", "nonce": nonce_unixTime, "symbol": "ltcusd", "amount": "amountParam", "price": "priceParam", "side": "buy", "type": "exchange limit", "options": ["maker-or-cancel"]}]]>
              </value>
            </param>
          </params>
          <reporter-output>
          </reporter-output>
        </test-method> <!-- geminiNewOrderRestfulService -->
        <test-method signature="geminiNewOrderRestfulService(java.lang.String)[pri:1, instance:org.gemini.com.geminiExchangeFinal@159f197]" started-at="2020-04-05T21:39:16 CDT" name="geminiNewOrderRestfulService" data-provider="data-provider" finished-at="2020-04-05T21:39:16 CDT" duration-ms="277" status="PASS">
          <params>
            <param index="0">
              <value>
                <![CDATA[{"request": "/v1/order/new", "nonce": nonce_unixTime, "symbol": "ltceth", "amount": "amountParam", "price": "priceParam", "side": "buy", "type": "exchange limit", "options": ["maker-or-cancel"]}]]>
              </value>
            </param>
          </params>
          <reporter-output>
          </reporter-output>
        </test-method> <!-- geminiNewOrderRestfulService -->
        <test-method signature="geminiNewOrderRestfulService(java.lang.String)[pri:1, instance:org.gemini.com.geminiExchangeFinal@159f197]" started-at="2020-04-05T21:39:16 CDT" name="geminiNewOrderRestfulService" data-provider="data-provider" finished-at="2020-04-05T21:39:17 CDT" duration-ms="296" status="PASS">
          <params>
            <param index="0">
              <value>
                <![CDATA[{"request": "/v1/order/new", "nonce": nonce_unixTime, "symbol": "btcusd", "amount": "amountParam", "price": "priceParam", "side": "buy", "type": "exchange limit", "options": ["maker-or-cancel"]}]]>
              </value>
            </param>
          </params>
          <reporter-output>
          </reporter-output>
        </test-method> <!-- geminiNewOrderRestfulService -->
        <test-method signature="geminiNewOrderRestfulService(java.lang.String)[pri:1, instance:org.gemini.com.geminiExchangeFinal@159f197]" started-at="2020-04-05T21:39:17 CDT" name="geminiNewOrderRestfulService" data-provider="data-provider" finished-at="2020-04-05T21:39:17 CDT" duration-ms="334" status="PASS">
          <params>
            <param index="0">
              <value>
                <![CDATA[{"request": "/v1/order/new", "nonce": nonce_unixTime, "symbol": "ethusd", "amount": "amountParam", "price": "priceParam", "side": "sell", "type": "exchange limit", "options": ["maker-or-cancel"]}]]>
              </value>
            </param>
          </params>
          <reporter-output>
          </reporter-output>
        </test-method> <!-- geminiNewOrderRestfulService -->
        <test-method signature="geminiNewOrderRestfulService(java.lang.String)[pri:1, instance:org.gemini.com.geminiExchangeFinal@159f197]" started-at="2020-04-05T21:39:17 CDT" name="geminiNewOrderRestfulService" data-provider="data-provider" finished-at="2020-04-05T21:39:17 CDT" duration-ms="302" status="PASS">
          <params>
            <param index="0">
              <value>
                <![CDATA[{"request": "/v1/order/new", "nonce": nonce_unixTime, "symbol": "ethbtc", "amount": "amountParam", "price": "5.0", "side": "buy", "type": "exchange limit", "options": ["maker-or-cancel"]}]]>
              </value>
            </param>
          </params>
          <reporter-output>
          </reporter-output>
        </test-method> <!-- geminiNewOrderRestfulService -->
        <test-method signature="geminiNewOrderRestfulService(java.lang.String)[pri:1, instance:org.gemini.com.geminiExchangeFinal@159f197]" started-at="2020-04-05T21:39:17 CDT" name="geminiNewOrderRestfulService" data-provider="data-provider" finished-at="2020-04-05T21:39:18 CDT" duration-ms="311" status="PASS">
          <params>
            <param index="0">
              <value>
                <![CDATA[{"request": "/v1/order/new", "nonce": nonce_unixTime, "symbol": "zecusd", "amount": "amountParam", "price": "priceParam", "side": "sell", "type": "exchange limit", "options": ["maker-or-cancel"]}]]>
              </value>
            </param>
          </params>
          <reporter-output>
          </reporter-output>
        </test-method> <!-- geminiNewOrderRestfulService -->
        <test-method signature="geminiNewOrderRestfulService(java.lang.String)[pri:1, instance:org.gemini.com.geminiExchangeFinal@159f197]" started-at="2020-04-05T21:39:18 CDT" name="geminiNewOrderRestfulService" data-provider="data-provider" finished-at="2020-04-05T21:39:18 CDT" duration-ms="305" status="PASS">
          <params>
            <param index="0">
              <value>
                <![CDATA[{"request": "/v1/order/new", "nonce": nonce_unixTime, "symbol": "zecbtc", "amount": "amountParam", "price": "priceParam", "side": "sell", "type": "exchange limit", "options": ["maker-or-cancel"]}]]>
              </value>
            </param>
          </params>
          <reporter-output>
          </reporter-output>
        </test-method> <!-- geminiNewOrderRestfulService -->
        <test-method signature="geminiNewOrderRestfulService(java.lang.String)[pri:1, instance:org.gemini.com.geminiExchangeFinal@159f197]" started-at="2020-04-05T21:39:18 CDT" name="geminiNewOrderRestfulService" data-provider="data-provider" finished-at="2020-04-05T21:39:18 CDT" duration-ms="292" status="PASS">
          <params>
            <param index="0">
              <value>
                <![CDATA[{"request": "/v1/order/new", "nonce": nonce_unixTime, "symbol": "zeceth", "amount": "amountParam", "price": "priceParam", "side": "sell", "type": "exchange limit", "options": ["maker-or-cancel"]}]]>
              </value>
            </param>
          </params>
          <reporter-output>
          </reporter-output>
        </test-method> <!-- geminiNewOrderRestfulService -->
        <test-method signature="geminiNewOrderRestfulService(java.lang.String)[pri:1, instance:org.gemini.com.geminiExchangeFinal@159f197]" started-at="2020-04-05T21:39:18 CDT" name="geminiNewOrderRestfulService" data-provider="data-provider" finished-at="2020-04-05T21:39:18 CDT" duration-ms="295" status="PASS">
          <params>
            <param index="0">
              <value>
                <![CDATA[{"request": "/v1/order/new", "nonce": nonce_unixTime, "symbol": "zecltc", "amount": "amountParam", "price": "priceParam", "side": "sell", "type": "exchange limit", "options": ["maker-or-cancel"]}]]>
              </value>
            </param>
          </params>
          <reporter-output>
          </reporter-output>
        </test-method> <!-- geminiNewOrderRestfulService -->
        <test-method signature="geminiNewOrderRestfulService(java.lang.String)[pri:1, instance:org.gemini.com.geminiExchangeFinal@159f197]" started-at="2020-04-05T21:39:18 CDT" name="geminiNewOrderRestfulService" data-provider="data-provider" finished-at="2020-04-05T21:39:19 CDT" duration-ms="355" status="PASS">
          <params>
            <param index="0">
              <value>
                <![CDATA[{"request": "/v1/order/new", "nonce": nonce_unixTime, "symbol": "bchusd", "amount": "amountParam", "price": "priceParam", "side": "sell", "type": "exchange limit", "options": ["maker-or-cancel"]}]]>
              </value>
            </param>
          </params>
          <reporter-output>
          </reporter-output>
        </test-method> <!-- geminiNewOrderRestfulService -->
        <test-method signature="geminiNewOrderRestfulService(java.lang.String)[pri:1, instance:org.gemini.com.geminiExchangeFinal@159f197]" started-at="2020-04-05T21:39:19 CDT" name="geminiNewOrderRestfulService" data-provider="data-provider" finished-at="2020-04-05T21:39:19 CDT" duration-ms="455" status="PASS">
          <params>
            <param index="0">
              <value>
                <![CDATA[{"request": "/v1/order/new", "nonce": nonce_unixTime, "symbol": "bcheth", "amount": "amountParam", "price": "priceParam", "side": "sell", "type": "exchange limit", "options": ["maker-or-cancel"]}]]>
              </value>
            </param>
          </params>
          <reporter-output>
          </reporter-output>
        </test-method> <!-- geminiNewOrderRestfulService -->
        <test-method signature="geminiNewOrderRestfulService(java.lang.String)[pri:1, instance:org.gemini.com.geminiExchangeFinal@159f197]" started-at="2020-04-05T21:39:19 CDT" name="geminiNewOrderRestfulService" data-provider="data-provider" finished-at="2020-04-05T21:39:20 CDT" duration-ms="281" status="PASS">
          <params>
            <param index="0">
              <value>
                <![CDATA[{"request": "/v1/order/new", "nonce": nonce_unixTime, "symbol": "btcusd", "amount": "amountParam", "price": "23.83190155", "side": "buy", "type": "exchange limit", "options": ["maker-or-cancel"]}]]>
              </value>
            </param>
          </params>
          <reporter-output>
          </reporter-output>
        </test-method> <!-- geminiNewOrderRestfulService -->
        <test-method signature="geminiNewOrderRestfulService(java.lang.String)[pri:1, instance:org.gemini.com.geminiExchangeFinal@159f197]" started-at="2020-04-05T21:39:20 CDT" name="geminiNewOrderRestfulService" data-provider="data-provider" finished-at="2020-04-05T21:39:20 CDT" duration-ms="288" status="PASS">
          <params>
            <param index="0">
              <value>
                <![CDATA[{"request": "/v1/order/new", "nonce": nonce_unixTime, "symbol": "bcheth", "amount": "5.467567890", "price": "priceParam", "side": "buy", "type": "exchange limit", "options": ["maker-or-cancel"]}]]>
              </value>
            </param>
          </params>
          <reporter-output>
          </reporter-output>
        </test-method> <!-- geminiNewOrderRestfulService -->
        <test-method signature="geminiNewOrderRestfulService(java.lang.String)[pri:1, instance:org.gemini.com.geminiExchangeFinal@159f197]" started-at="2020-04-05T21:39:20 CDT" name="geminiNewOrderRestfulService" data-provider="data-provider" finished-at="2020-04-05T21:39:20 CDT" duration-ms="272" status="PASS">
          <params>
            <param index="0">
              <value>
                <![CDATA[{"request": "/v1/order/new", "nonce": nonce_unixTime, "symbol": "bcheth", "amount": "amountParam", "price": "priceParam", "side": "buy1", "type": "exchange limit", "options": ["maker-or-cancel"]}]]>
              </value>
            </param>
          </params>
          <reporter-output>
          </reporter-output>
        </test-method> <!-- geminiNewOrderRestfulService -->
        <test-method signature="geminiNewOrderRestfulService(java.lang.String)[pri:1, instance:org.gemini.com.geminiExchangeFinal@159f197]" started-at="2020-04-05T21:39:20 CDT" name="geminiNewOrderRestfulService" data-provider="data-provider" finished-at="2020-04-05T21:39:20 CDT" duration-ms="264" status="PASS">
          <params>
            <param index="0">
              <value>
                <![CDATA[{"request": "/v1/order/new", "nonce": nonce_unixTime, "symbol": "bchusd", "amount": "amountParam", "price": "priceParam", "side": "buy", "type": "exchange stop limit", "options": ["maker-or-cancel"]}]]>
              </value>
            </param>
          </params>
          <reporter-output>
          </reporter-output>
        </test-method> <!-- geminiNewOrderRestfulService -->
        <test-method signature="geminiNewOrderRestfulService(java.lang.String)[pri:1, instance:org.gemini.com.geminiExchangeFinal@159f197]" started-at="2020-04-05T21:39:20 CDT" name="geminiNewOrderRestfulService" data-provider="data-provider" finished-at="2020-04-05T21:39:21 CDT" duration-ms="263" status="PASS">
          <params>
            <param index="0">
              <value>
                <![CDATA[{"request": "/v1/order/new", "nonce": nonce_unixTime, "symbol": "bchusd", "amount": "amountParam", "price": "priceParam", "side": "buy", "type": "exchange limit1", "options": ["maker-or-cancel"]}]]>
              </value>
            </param>
          </params>
          <reporter-output>
          </reporter-output>
        </test-method> <!-- geminiNewOrderRestfulService -->
        <test-method signature="geminiNewOrderRestfulService(java.lang.String)[pri:1, instance:org.gemini.com.geminiExchangeFinal@159f197]" started-at="2020-04-05T21:39:21 CDT" name="geminiNewOrderRestfulService" data-provider="data-provider" finished-at="2020-04-05T21:39:21 CDT" duration-ms="254" status="PASS">
          <params>
            <param index="0">
              <value>
                <![CDATA[{"request": "/v1/order/new", "nonce": nonce_unixTime, "symbol": "btcusd1", "amount": "amountParam", "price": "priceParam", "side": "buy", "type": "exchange limit", "options": ["maker-or-cancel"]}]]>
              </value>
            </param>
          </params>
          <reporter-output>
          </reporter-output>
        </test-method> <!-- geminiNewOrderRestfulService -->
        <test-method signature="geminiNewOrderRestfulService(java.lang.String)[pri:1, instance:org.gemini.com.geminiExchangeFinal@159f197]" started-at="2020-04-05T21:39:21 CDT" name="geminiNewOrderRestfulService" data-provider="data-provider" finished-at="2020-04-05T21:39:21 CDT" duration-ms="266" status="PASS">
          <params>
            <param index="0">
              <value>
                <![CDATA[{"request": "/v1/order/new", "nonce": nonce_unixTime, "symbol": "zecbch", "amount": "amountParam", "price": "priceParam", "side": "buy", "type": "exchange limit", "options": ["maker-or-cancel"]}]]>
              </value>
            </param>
          </params>
          <reporter-output>
          </reporter-output>
        </test-method> <!-- geminiNewOrderRestfulService -->
        <test-method signature="geminiNewOrderRestfulService(java.lang.String)[pri:1, instance:org.gemini.com.geminiExchangeFinal@159f197]" started-at="2020-04-05T21:39:21 CDT" name="geminiNewOrderRestfulService" data-provider="data-provider" finished-at="2020-04-05T21:39:21 CDT" duration-ms="279" status="PASS">
          <params>
            <param index="0">
              <value>
                <![CDATA[{"request": "/v1/order/new", "nonce": nonce_unixTime, "symbol": "ltcbch", "amount": "amountParam", "price": "priceParam", "side": "buy", "type": "exchange limit", "options": ["maker-or-cancel"]}]]>
              </value>
            </param>
          </params>
          <reporter-output>
          </reporter-output>
        </test-method> <!-- geminiNewOrderRestfulService -->
        <test-method signature="geminiNewOrderRestfulService(java.lang.String)[pri:1, instance:org.gemini.com.geminiExchangeFinal@159f197]" started-at="2020-04-05T21:39:21 CDT" name="geminiNewOrderRestfulService" data-provider="data-provider" finished-at="2020-04-05T21:39:22 CDT" duration-ms="288" status="PASS">
          <params>
            <param index="0">
              <value>
                <![CDATA[{"request": "/v1/order/new", "nonce": nonce_unixTime, "symbol": "zecusd", "amount": "amountParam", "price": "priceParam", "side": "buy", "type": "exchange limit", "options": ["auction-only"]}]]>
              </value>
            </param>
          </params>
          <reporter-output>
          </reporter-output>
        </test-method> <!-- geminiNewOrderRestfulService -->
        <test-method signature="geminiNewOrderRestfulService(java.lang.String)[pri:1, instance:org.gemini.com.geminiExchangeFinal@159f197]" started-at="2020-04-05T21:39:22 CDT" name="geminiNewOrderRestfulService" data-provider="data-provider" finished-at="2020-04-05T21:39:22 CDT" duration-ms="332" status="PASS">
          <params>
            <param index="0">
              <value>
                <![CDATA[{"request": "/v1/order/new", "nonce": nonce_unixTime, "symbol": "zecbtc", "amount": "amountParam", "price": "priceParam", "side": "buy", "type": "exchange limit", "options": ["indication-of-interest"]}]]>
              </value>
            </param>
          </params>
          <reporter-output>
          </reporter-output>
        </test-method> <!-- geminiNewOrderRestfulService -->
        <test-method signature="geminiNewOrderRestfulService(java.lang.String)[pri:1, instance:org.gemini.com.geminiExchangeFinal@159f197]" started-at="2020-04-05T21:39:22 CDT" name="geminiNewOrderRestfulService" data-provider="data-provider" finished-at="2020-04-05T21:39:22 CDT" duration-ms="267" status="PASS">
          <params>
            <param index="0">
              <value>
                <![CDATA[{"request": "/v1/order/new", "nonce": nonce_unixTime, "symbol": "ethusd", "amount": "amountParam", "price": "priceParam", "side": "buy", "type": "exchange limit", "options": ["maker-or-cancel1"]}]]>
              </value>
            </param>
          </params>
          <reporter-output>
          </reporter-output>
        </test-method> <!-- geminiNewOrderRestfulService -->
        <test-method signature="geminiNewOrderRestfulService(java.lang.String)[pri:1, instance:org.gemini.com.geminiExchangeFinal@159f197]" started-at="2020-04-05T21:39:22 CDT" name="geminiNewOrderRestfulService" data-provider="data-provider" finished-at="2020-04-05T21:39:23 CDT" duration-ms="274" status="PASS">
          <params>
            <param index="0">
              <value>
                <![CDATA[{"request": "/v1/order/new", "nonce": nonce_unixTime, "client_order_id": "orderClientSuppliedId", "symbol": "ltcusd", "amount": "amountParam", "price": "priceParam", "side": "BUY", "type": "exchange limit", "options": ["maker-or-cancel"]}]]>
              </value>
            </param>
          </params>
          <reporter-output>
          </reporter-output>
        </test-method> <!-- geminiNewOrderRestfulService -->
        <test-method signature="geminiNewOrderRestfulService(java.lang.String)[pri:1, instance:org.gemini.com.geminiExchangeFinal@159f197]" started-at="2020-04-05T21:39:23 CDT" name="geminiNewOrderRestfulService" data-provider="data-provider" finished-at="2020-04-05T21:39:23 CDT" duration-ms="303" status="PASS">
          <params>
            <param index="0">
              <value>
                <![CDATA[{"request": "/v1/order/ne", "nonce": nonce_unixTime, "client_order_id": "orderClientSuppliedId", "symbol": "ltcusd", "amount": "amountParam", "price": "priceParam", "side": "BUY", "type": "exchange limit", "options": ["maker-or-cancel"]}]]>
              </value>
            </param>
          </params>
          <reporter-output>
          </reporter-output>
        </test-method> <!-- geminiNewOrderRestfulService -->
        <test-method signature="geminiNewOrderRestfulService(java.lang.String)[pri:1, instance:org.gemini.com.geminiExchangeFinal@159f197]" started-at="2020-04-05T21:39:23 CDT" name="geminiNewOrderRestfulService" data-provider="data-provider" finished-at="2020-04-05T21:39:23 CDT" duration-ms="266" status="PASS">
          <params>
            <param index="0">
              <value>
                <![CDATA[{"request": "/v1/order/new", "nonc": nonce_unixTime, "client_order_id": "orderClientSuppliedId", "symbol": "ltcusd", "amount": "amountParam", "price": "priceParam", "side": "BUY", "type": "exchange limit", "options": ["maker-or-cancel"]}]]>
              </value>
            </param>
          </params>
          <reporter-output>
          </reporter-output>
        </test-method> <!-- geminiNewOrderRestfulService -->
        <test-method signature="geminiNewOrderRestfulService(java.lang.String)[pri:1, instance:org.gemini.com.geminiExchangeFinal@159f197]" started-at="2020-04-05T21:39:23 CDT" name="geminiNewOrderRestfulService" data-provider="data-provider" finished-at="2020-04-05T21:39:23 CDT" duration-ms="283" status="PASS">
          <params>
            <param index="0">
              <value>
                <![CDATA[{"request": "/v1/order/new", "nonce": nonce_unixTime, "client_order_id": 3456789, "symbol": "ltcusd", "amount": "amountParam", "price": "priceParam", "side": "BUY", "type": "exchange limit", "options": ["maker-or-cancel"]}]]>
              </value>
            </param>
          </params>
          <reporter-output>
          </reporter-output>
        </test-method> <!-- geminiNewOrderRestfulService -->
        <test-method signature="writeToExcelFinal()[pri:2, instance:org.gemini.com.geminiExchangeFinal@159f197]" started-at="2020-04-05T21:39:23 CDT" name="writeToExcelFinal" finished-at="2020-04-05T21:39:27 CDT" duration-ms="3659" status="PASS">
          <reporter-output>
          </reporter-output>
        </test-method> <!-- writeToExcelFinal -->
      </class> <!-- org.gemini.com.geminiExchangeFinal -->
    </test> <!-- Default test -->
  </suite> <!-- Default suite -->
</testng-results>
